test 8 : error 1
test 9 : error 1
