test 60 : error 1
test 61 : error 1
test 62 : error 0
test 63 : 